app/build/outputs/logs/manifest-merger-debug-report.txt
-- Merging decision tree log ---
manifest
ADDED from src/main/AndroidManifest.xml:2:1-77:12
	package
		ADDED from src/main/AndroidManifest.xml:3:5-42
		INJECTED from src/main/AndroidManifest.xml
		INJECTED from src/main/AndroidManifest.xml
	android:versionName
		INJECTED from src/main/AndroidManifest.xml
		INJECTED from src/main/AndroidManifest.xml
	xmlns:android
		ADDED from src/main/AndroidManifest.xml:2:11-69
	android:versionCode
		INJECTED from src/main/AndroidManifest.xml
		INJECTED from src/main/AndroidManifest.xml
uses-permission#android.permission.RECEIVE_BOOT_COMPLETED
ADDED from src/main/AndroidManifest.xml:5:5-81
	android:name
		ADDED from src/main/AndroidManifest.xml:5:22-78
application
ADDED from src/main/AndroidManifest.xml:6:5-75:19
MERGED from [com.android.support:appcompat-v7:23.1.1] AndroidManifest.xml:22:5-20
MERGED from [com.android.support:support-v4:23.1.1] AndroidManifest.xml:22:5-20
MERGED from [com.android.support:design:23.1.1] AndroidManifest.xml:22:5-20
MERGED from [com.android.support:appcompat-v7:23.1.1] AndroidManifest.xml:22:5-20
MERGED from [com.android.support:support-v4:23.1.1] AndroidManifest.xml:22:5-20
MERGED from [com.android.support:support-v4:23.1.1] AndroidManifest.xml:22:5-20
MERGED from [com.android.support:support-v4:23.1.1] AndroidManifest.xml:22:5-20
MERGED from [com.android.support:cardview-v7:23.0.0] AndroidManifest.xml:22:5-20
MERGED from [com.android.support:support-v4:23.1.1] AndroidManifest.xml:22:5-20
MERGED from [com.google.android.gms:play-services-appindexing:8.1.0] AndroidManifest.xml:19:5-20
MERGED from [com.google.android.gms:play-services-basement:8.1.0] AndroidManifest.xml:20:5-24:19
MERGED from [com.android.support:support-v4:23.1.1] AndroidManifest.xml:22:5-20
	android:label
		ADDED from src/main/AndroidManifest.xml:10:9-41
	android:allowBackup
		ADDED from src/main/AndroidManifest.xml:8:9-35
	android:icon
		ADDED from src/main/AndroidManifest.xml:9:9-36
	android:theme
		ADDED from src/main/AndroidManifest.xml:11:9-45
	android:name
		ADDED from src/main/AndroidManifest.xml:7:9-48
activity#blocker.com.newalarmservice.Activity.splashActivity.SplashActivity
ADDED from src/main/AndroidManifest.xml:12:9-19:20
	android:screenOrientation
		ADDED from src/main/AndroidManifest.xml:14:13-49
	android:name
		ADDED from src/main/AndroidManifest.xml:13:13-67
intent-filter#android.intent.action.MAIN+android.intent.category.LAUNCHER
ADDED from src/main/AndroidManifest.xml:15:13-18:29
action#android.intent.action.MAIN
ADDED from src/main/AndroidManifest.xml:16:17-69
	android:name
		ADDED from src/main/AndroidManifest.xml:16:25-66
category#android.intent.category.LAUNCHER
ADDED from src/main/AndroidManifest.xml:17:17-77
	android:name
		ADDED from src/main/AndroidManifest.xml:17:27-74
activity#blocker.com.newalarmservice.Activity.mainDrawerActivity.DrawerActivity
ADDED from src/main/AndroidManifest.xml:20:9-22:52
	android:screenOrientation
		ADDED from src/main/AndroidManifest.xml:22:13-49
	android:name
		ADDED from src/main/AndroidManifest.xml:21:13-71
provider#blocker.com.newalarmservice.database.DueDetailContentProvider
ADDED from src/main/AndroidManifest.xml:25:9-28:39
	android:authorities
		ADDED from src/main/AndroidManifest.xml:27:13-96
	android:exported
		ADDED from src/main/AndroidManifest.xml:28:13-36
	android:name
		ADDED from src/main/AndroidManifest.xml:26:13-62
provider#blocker.com.newalarmservice.database.duerepeattable.DueRepeatContentProvider
ADDED from src/main/AndroidManifest.xml:29:9-32:39
	android:authorities
		ADDED from src/main/AndroidManifest.xml:31:13-111
	android:exported
		ADDED from src/main/AndroidManifest.xml:32:13-36
	android:name
		ADDED from src/main/AndroidManifest.xml:30:13-77
receiver#blocker.com.newalarmservice.receiver.AlarmReceiver
ADDED from src/main/AndroidManifest.xml:34:9-60
	android:name
		ADDED from src/main/AndroidManifest.xml:34:19-57
receiver#blocker.com.newalarmservice.receiver.BootCompleteReceiver
ADDED from src/main/AndroidManifest.xml:35:9-41:20
	android:enabled
		ADDED from src/main/AndroidManifest.xml:37:13-35
	android:name
		ADDED from src/main/AndroidManifest.xml:36:13-58
intent-filter#android.intent.action.BOOT_COMPLETED
ADDED from src/main/AndroidManifest.xml:38:13-40:29
action#android.intent.action.BOOT_COMPLETED
ADDED from src/main/AndroidManifest.xml:39:17-79
	android:name
		ADDED from src/main/AndroidManifest.xml:39:25-76
service#blocker.com.newalarmservice.services.ReminderNotificationService
ADDED from src/main/AndroidManifest.xml:43:9-45:40
	android:exported
		ADDED from src/main/AndroidManifest.xml:45:13-37
	android:name
		ADDED from src/main/AndroidManifest.xml:44:13-65
activity#blocker.com.newalarmservice.Activity.addDueActivity.AddDueActivity
ADDED from src/main/AndroidManifest.xml:47:9-49:52
	android:screenOrientation
		ADDED from src/main/AndroidManifest.xml:49:13-49
	android:name
		ADDED from src/main/AndroidManifest.xml:48:13-67
activity#blocker.com.newalarmservice.Activity.mainDrawerActivity.upcomingFragment.UpcomingMultipleDueActivity
ADDED from src/main/AndroidManifest.xml:50:9-52:52
	android:screenOrientation
		ADDED from src/main/AndroidManifest.xml:52:13-49
	android:name
		ADDED from src/main/AndroidManifest.xml:51:13-101
activity#blocker.com.newalarmservice.Activity.mainDrawerActivity.overdueFragment.OverdueMultipleDueActivity
ADDED from src/main/AndroidManifest.xml:53:9-55:52
	android:screenOrientation
		ADDED from src/main/AndroidManifest.xml:55:13-49
	android:name
		ADDED from src/main/AndroidManifest.xml:54:13-99
activity#blocker.com.newalarmservice.Activity.mainDrawerActivity.paidFragment.PaidMultipleItemActivity
ADDED from src/main/AndroidManifest.xml:56:9-58:52
	android:screenOrientation
		ADDED from src/main/AndroidManifest.xml:58:13-49
	android:name
		ADDED from src/main/AndroidManifest.xml:57:13-94
activity#blocker.com.newalarmservice.Activity.mainDrawerActivity.unpaidFragment.UnPaidMultipleItemActivity
ADDED from src/main/AndroidManifest.xml:59:9-61:52
	android:screenOrientation
		ADDED from src/main/AndroidManifest.xml:61:13-49
	android:name
		ADDED from src/main/AndroidManifest.xml:60:13-98
activity#blocker.com.newalarmservice.Activity.mainDrawerActivity.reportFragment.CategoryBillActivity
ADDED from src/main/AndroidManifest.xml:62:9-64:52
	android:screenOrientation
		ADDED from src/main/AndroidManifest.xml:64:13-49
	android:name
		ADDED from src/main/AndroidManifest.xml:63:13-92
activity#blocker.com.newalarmservice.Activity.dueDetailActivity.DueDetailActivity
ADDED from src/main/AndroidManifest.xml:65:9-67:52
	android:screenOrientation
		ADDED from src/main/AndroidManifest.xml:67:13-49
	android:name
		ADDED from src/main/AndroidManifest.xml:66:13-73
service#blocker.com.newalarmservice.services.OnBootCompleteService
ADDED from src/main/AndroidManifest.xml:69:9-67
	android:name
		ADDED from src/main/AndroidManifest.xml:69:18-64
meta-data#com.google.android.gms.version
ADDED from src/main/AndroidManifest.xml:72:9-74:69
MERGED from [com.google.android.gms:play-services-basement:8.1.0] AndroidManifest.xml:21:9-23:69
	android:value
		ADDED from src/main/AndroidManifest.xml:74:13-66
	android:name
		ADDED from src/main/AndroidManifest.xml:73:13-58
uses-sdk
INJECTED from src/main/AndroidManifest.xml reason: use-sdk injection requested
MERGED from [com.android.support:appcompat-v7:23.1.1] AndroidManifest.xml:20:5-43
MERGED from [com.android.support:support-v4:23.1.1] AndroidManifest.xml:20:5-43
MERGED from [com.android.support:design:23.1.1] AndroidManifest.xml:20:5-43
MERGED from [com.android.support:appcompat-v7:23.1.1] AndroidManifest.xml:20:5-43
MERGED from [com.android.support:support-v4:23.1.1] AndroidManifest.xml:20:5-43
MERGED from [com.android.support:recyclerview-v7:23.1.1] AndroidManifest.xml:20:5-43
MERGED from [com.android.support:support-v4:23.1.1] AndroidManifest.xml:20:5-43
MERGED from [com.android.support:support-v4:23.1.1] AndroidManifest.xml:20:5-43
MERGED from [com.android.support:cardview-v7:23.0.0] AndroidManifest.xml:20:5-43
MERGED from [com.android.support:recyclerview-v7:23.1.1] AndroidManifest.xml:20:5-43
MERGED from [com.android.support:support-v4:23.1.1] AndroidManifest.xml:20:5-43
MERGED from [com.google.android.gms:play-services-appindexing:8.1.0] AndroidManifest.xml:18:5-42
MERGED from [com.google.android.gms:play-services-basement:8.1.0] AndroidManifest.xml:18:5-42
MERGED from [com.android.support:support-v4:23.1.1] AndroidManifest.xml:20:5-43
	android:targetSdkVersion
		INJECTED from src/main/AndroidManifest.xml
		INJECTED from src/main/AndroidManifest.xml
	android:minSdkVersion
		INJECTED from src/main/AndroidManifest.xml
		INJECTED from src/main/AndroidManifest.xml